\BOOKMARK [1][-]{section.1}{Einleitung}{}% 1
\BOOKMARK [1][-]{section.2}{Life cycle analyse}{}% 2
\BOOKMARK [2][-]{subsection.2.1}{Transport}{section.2}% 3
\BOOKMARK [2][-]{subsection.2.2}{L\366hne}{section.2}% 4
\BOOKMARK [3][-]{subsubsection.2.2.1}{Schweiz}{subsection.2.2}% 5
\BOOKMARK [3][-]{subsubsection.2.2.2}{Kalifornien}{subsection.2.2}% 6
\BOOKMARK [2][-]{subsection.2.3}{Wasser}{section.2}% 7
\BOOKMARK [3][-]{subsubsection.2.3.1}{Schweiz}{subsection.2.3}% 8
\BOOKMARK [3][-]{subsubsection.2.3.2}{Kalifornien}{subsection.2.3}% 9
\BOOKMARK [2][-]{subsection.2.4}{Pestizide}{section.2}% 10
\BOOKMARK [3][-]{subsubsection.2.4.1}{Schweiz}{subsection.2.4}% 11
\BOOKMARK [3][-]{subsubsection.2.4.2}{Kalifornien}{subsection.2.4}% 12
\BOOKMARK [1][-]{section.3}{Vorarbeiten}{}% 13
\BOOKMARK [2][-]{subsection.3.1}{Analyse von den Resultaten der \253Fussabdr\374cke\273}{section.3}% 14
\BOOKMARK [2][-]{subsection.3.2}{Einkaufsverhalten}{section.3}% 15
\BOOKMARK [1][-]{section.4}{Summaries}{}% 16
\BOOKMARK [2][-]{subsection.4.1}{COOP \205 Strategies for Sustainable Food}{section.4}% 17
\BOOKMARK [2][-]{subsection.4.2}{Options for Change \205 Innovation in Food Affair}{section.4}% 18
\BOOKMARK [2][-]{subsection.4.3}{Sustainable Development and Food Security}{section.4}% 19
\BOOKMARK [1][-]{section.5}{Reflexion \205 Blockwoche Nachhaltigkeit }{}% 20
\BOOKMARK [1][-]{section*.10}{Literatur}{}% 21
